#
# There is insufficient memory for the Java Runtime Environment to continue.
# Native memory allocation (malloc) failed to allocate 2704608 bytes. Error detail: Chunk::new
# Possible reasons:
#   The system is out of physical RAM or swap space
#   This process is running with CompressedOops enabled, and the Java Heap may be blocking the growth of the native heap
# Possible solutions:
#   Reduce memory load on the system
#   Increase physical memory or swap space
#   Check if swap backing store is full
#   Decrease Java heap size (-Xmx/-Xms)
#   Decrease number of Java threads
#   Decrease Java thread stack sizes (-Xss)
#   Set larger code cache with -XX:ReservedCodeCacheSize=
#   JVM is running with Unscaled Compressed Oops mode in which the Java heap is
#     placed in the first 4GB address space. The Java Heap base address is the
#     maximum limit for the native heap growth. Please use -XX:HeapBaseMinAddress
#     to set the Java Heap base and to place the Java Heap above 4GB virtual address.
# This output file may be truncated or incomplete.
#
#  Out of Memory Error (arena.cpp:191), pid=23780, tid=20004
#
# JRE version: OpenJDK Runtime Environment Temurin-17.0.12+7 (17.0.12+7) (build 17.0.12+7)
# Java VM: OpenJDK 64-Bit Server VM Temurin-17.0.12+7 (17.0.12+7, mixed mode, tiered, compressed oops, compressed class ptrs, parallel gc, windows-amd64)
# No core dump will be written. Minidumps are not enabled by default on client versions of Windows
#

---------------  S U M M A R Y ------------

Command Line: --add-modules=ALL-SYSTEM --add-opens=java.base/java.util=ALL-UNNAMED --add-opens=java.base/java.lang=ALL-UNNAMED --add-opens=java.base/sun.nio.fs=ALL-UNNAMED -Declipse.application=org.eclipse.jdt.ls.core.id1 -Dosgi.bundles.defaultStartLevel=4 -Declipse.product=org.eclipse.jdt.ls.core.product -Djava.import.generatesMetadataFilesAtProjectRoot=false -DDetectVMInstallationsJob.disabled=true -Dfile.encoding=utf8 -XX:+UseParallelGC -XX:GCTimeRatio=4 -XX:AdaptiveSizePolicyWeight=90 -Dsun.zip.disableMemoryMapping=true -Xmx1G -Xms100m -Xlog:disable -javaagent:c:\Users\Tarun Krishnan\.vscode\extensions\redhat.java-1.34.0-win32-x64\lombok\lombok-1.18.33.jar -XX:+HeapDumpOnOutOfMemoryError -XX:HeapDumpPath=c:\Users\Tarun Krishnan\AppData\Roaming\Code\User\workspaceStorage\788d43c83ac2f8b77b2e1e1030872ab0\redhat.java -Daether.dependencyCollector.impl=bf c:\Users\Tarun Krishnan\.vscode\extensions\redhat.java-1.34.0-win32-x64\server\plugins\org.eclipse.equinox.launcher_1.6.900.v20240613-2009.jar -configuration c:\Users\Tarun Krishnan\AppData\Roaming\Code\User\globalStorage\redhat.java\1.34.0\config_win -data c:\Users\Tarun Krishnan\AppData\Roaming\Code\User\workspaceStorage\788d43c83ac2f8b77b2e1e1030872ab0\redhat.java\jdt_ws --pipe=\\.\pipe\lsp-df0e358ef20c27b84b20ba59d79e6c09-sock

Host: 12th Gen Intel(R) Core(TM) i7-1260P, 16 cores, 15G,  Windows 11 , 64 bit Build 22621 (10.0.22621.3958)
Time: Wed Sep  4 16:10:31 2024 Malay Peninsula Standard Time elapsed time: 4.580141 seconds (0d 0h 0m 4s)

---------------  T H R E A D  ---------------

Current thread (0x000002642243c990):  JavaThread "C2 CompilerThread0" daemon [_thread_in_native, id=20004, stack(0x0000008ee3e00000,0x0000008ee3f00000)]


Current CompileTask:
C2:   4580 3800       4       org.lombokweb.asm.ClassReader::readMethod (1066 bytes)

Stack: [0x0000008ee3e00000,0x0000008ee3f00000]
Native frames: (J=compiled Java code, j=interpreted, Vv=VM code, C=native code)
V  [jvm.dll+0x67f929]
V  [jvm.dll+0x8371ba]
V  [jvm.dll+0x838c7e]
V  [jvm.dll+0x8392e3]
V  [jvm.dll+0x24834f]
V  [jvm.dll+0xac9d4]
V  [jvm.dll+0xad01c]
V  [jvm.dll+0x3674a7]
V  [jvm.dll+0x1bd562]
V  [jvm.dll+0x21aa09]
V  [jvm.dll+0x219cf1]
V  [jvm.dll+0x1a58bd]
V  [jvm.dll+0x229a2d]
V  [jvm.dll+0x227bdc]
V  [jvm.dll+0x7ec1f7]
V  [jvm.dll+0x7e65dc]
V  [jvm.dll+0x67e7f7]
C  [ucrtbase.dll+0x29333]
C  [KERNEL32.DLL+0x1257d]
C  [ntdll.dll+0x5af28]


---------------  P R O C E S S  ---------------

Threads class SMR info:
_java_thread_list=0x00000264264f11d0, length=28, elements={
0x000002640753e080, 0x000002642241ac60, 0x000002642241bfc0, 0x0000026422437320,
0x0000026422437bf0, 0x000002642243a4d0, 0x000002642243bce0, 0x000002642243c990,
0x000002642244d1b0, 0x0000026422490a60, 0x000002642258b6d0, 0x00000264075a1640,
0x00000264075a1c10, 0x00000264225d0360, 0x0000026424643390, 0x00000264246dc7a0,
0x00000264246dd1c0, 0x00000264246ddbe0, 0x00000264246de0f0, 0x00000264246de600,
0x00000264246deb10, 0x00000264246df020, 0x00000264258c6d90, 0x00000264258c8bf0,
0x00000264258c6880, 0x00000264250606e0, 0x0000026425a7d020, 0x00000264258c6370
}

Java Threads: ( => current thread )
  0x000002640753e080 JavaThread "main" [_thread_blocked, id=25072, stack(0x0000008ee3500000,0x0000008ee3600000)]
  0x000002642241ac60 JavaThread "Reference Handler" daemon [_thread_blocked, id=12088, stack(0x0000008ee3800000,0x0000008ee3900000)]
  0x000002642241bfc0 JavaThread "Finalizer" daemon [_thread_blocked, id=9600, stack(0x0000008ee3900000,0x0000008ee3a00000)]
  0x0000026422437320 JavaThread "Signal Dispatcher" daemon [_thread_blocked, id=408, stack(0x0000008ee3a00000,0x0000008ee3b00000)]
  0x0000026422437bf0 JavaThread "Attach Listener" daemon [_thread_blocked, id=20712, stack(0x0000008ee3b00000,0x0000008ee3c00000)]
  0x000002642243a4d0 JavaThread "Service Thread" daemon [_thread_blocked, id=12704, stack(0x0000008ee3c00000,0x0000008ee3d00000)]
  0x000002642243bce0 JavaThread "Monitor Deflation Thread" daemon [_thread_blocked, id=14564, stack(0x0000008ee3d00000,0x0000008ee3e00000)]
=>0x000002642243c990 JavaThread "C2 CompilerThread0" daemon [_thread_in_native, id=20004, stack(0x0000008ee3e00000,0x0000008ee3f00000)]
  0x000002642244d1b0 JavaThread "C1 CompilerThread0" daemon [_thread_blocked, id=17956, stack(0x0000008ee3f00000,0x0000008ee4000000)]
  0x0000026422490a60 JavaThread "Sweeper thread" daemon [_thread_blocked, id=3556, stack(0x0000008ee4000000,0x0000008ee4100000)]
  0x000002642258b6d0 JavaThread "Common-Cleaner" daemon [_thread_blocked, id=1868, stack(0x0000008ee4100000,0x0000008ee4200000)]
  0x00000264075a1640 JavaThread "C1 CompilerThread1" daemon [_thread_blocked, id=8760, stack(0x0000008ee4200000,0x0000008ee4300000)]
  0x00000264075a1c10 JavaThread "C1 CompilerThread2" daemon [_thread_blocked, id=13464, stack(0x0000008ee4300000,0x0000008ee4400000)]
  0x00000264225d0360 JavaThread "C1 CompilerThread3" daemon [_thread_blocked, id=7968, stack(0x0000008ee4400000,0x0000008ee4500000)]
  0x0000026424643390 JavaThread "Notification Thread" daemon [_thread_blocked, id=2152, stack(0x0000008ee4600000,0x0000008ee4700000)]
  0x00000264246dc7a0 JavaThread "Active Thread: Equinox Container: df11b510-dfec-426b-9a78-e8ebf7660e3e" [_thread_blocked, id=3504, stack(0x0000008ee4e00000,0x0000008ee4f00000)]
  0x00000264246dd1c0 JavaThread "Framework Event Dispatcher: Equinox Container: df11b510-dfec-426b-9a78-e8ebf7660e3e" daemon [_thread_blocked, id=13548, stack(0x0000008ee4f00000,0x0000008ee5000000)]
  0x00000264246ddbe0 JavaThread "Start Level: Equinox Container: df11b510-dfec-426b-9a78-e8ebf7660e3e" daemon [_thread_in_vm, id=12988, stack(0x0000008ee5000000,0x0000008ee5100000)]
  0x00000264246de0f0 JavaThread "Bundle File Closer" daemon [_thread_blocked, id=20872, stack(0x0000008ee5400000,0x0000008ee5500000)]
  0x00000264246de600 JavaThread "SCR Component Actor" daemon [_thread_blocked, id=3240, stack(0x0000008ee5600000,0x0000008ee5700000)]
  0x00000264246deb10 JavaThread "SCR Component Registry" daemon [_thread_blocked, id=14416, stack(0x0000008ee5700000,0x0000008ee5800000)]
  0x00000264246df020 JavaThread "Worker-JM" [_thread_blocked, id=8384, stack(0x0000008ee4500000,0x0000008ee4600000)]
  0x00000264258c6d90 JavaThread "JNA Cleaner" daemon [_thread_blocked, id=21804, stack(0x0000008ee5900000,0x0000008ee5a00000)]
  0x00000264258c8bf0 JavaThread "Worker-0" [_thread_blocked, id=5492, stack(0x0000008ee5a00000,0x0000008ee5b00000)]
  0x00000264258c6880 JavaThread "Worker-1" [_thread_blocked, id=1184, stack(0x0000008ee5b00000,0x0000008ee5c00000)]
  0x00000264250606e0 JavaThread "C2 CompilerThread1" daemon [_thread_blocked, id=20336, stack(0x0000008ee5d00000,0x0000008ee5e00000)]
  0x0000026425a7d020 JavaThread "C2 CompilerThread2" daemon [_thread_in_native, id=22760, stack(0x0000008ee5e00000,0x0000008ee5f00000)]
  0x00000264258c6370 JavaThread "Java indexing" daemon [_thread_blocked, id=17304, stack(0x0000008ee5f00000,0x0000008ee6000000)]

Other Threads:
  0x0000026422417610 VMThread "VM Thread" [stack: 0x0000008ee3700000,0x0000008ee3800000] [id=22472]
  0x000002642463eb60 WatcherThread [stack: 0x0000008ee4700000,0x0000008ee4800000] [id=4296]
  0x0000026407555020 GCTaskThread "GC Thread#0" [stack: 0x0000008ee3600000,0x0000008ee3700000] [id=7880]
  0x0000026424d1e9f0 GCTaskThread "GC Thread#1" [stack: 0x0000008ee4900000,0x0000008ee4a00000] [id=24136]
  0x0000026424b84510 GCTaskThread "GC Thread#2" [stack: 0x0000008ee4a00000,0x0000008ee4b00000] [id=12852]
  0x0000026424cfc7d0 GCTaskThread "GC Thread#3" [stack: 0x0000008ee4b00000,0x0000008ee4c00000] [id=9248]
  0x0000026424cfca90 GCTaskThread "GC Thread#4" [stack: 0x0000008ee4c00000,0x0000008ee4d00000] [id=13556]
  0x0000026424cfcd50 GCTaskThread "GC Thread#5" [stack: 0x0000008ee4d00000,0x0000008ee4e00000] [id=1064]
  0x00000264072cce70 GCTaskThread "GC Thread#6" [stack: 0x0000008ee5100000,0x0000008ee5200000] [id=15100]
  0x0000026424fd5010 GCTaskThread "GC Thread#7" [stack: 0x0000008ee5200000,0x0000008ee5300000] [id=25112]
  0x00000264250b0200 GCTaskThread "GC Thread#8" [stack: 0x0000008ee5500000,0x0000008ee5600000] [id=18872]
  0x000002642580b580 GCTaskThread "GC Thread#9" [stack: 0x0000008ee4800000,0x0000008ee4900000] [id=20560]
  0x000002642580b840 GCTaskThread "GC Thread#10" [stack: 0x0000008ee5300000,0x0000008ee5400000] [id=19172]
  0x00000264257835d0 GCTaskThread "GC Thread#11" [stack: 0x0000008ee5800000,0x0000008ee5900000] [id=18924]
  0x00000264258f7770 GCTaskThread "GC Thread#12" [stack: 0x0000008ee5c00000,0x0000008ee5d00000] [id=20248]

Threads with active compile tasks:
C2 CompilerThread0     4616 3800       4       org.lombokweb.asm.ClassReader::readMethod (1066 bytes)
C2 CompilerThread2     4616 3941   !   4       org.eclipse.osgi.internal.serviceregistry.ServiceRegistry::lookupServiceRegistrations (215 bytes)

VM state: not at safepoint (normal execution)

VM Mutex/Monitor currently owned by a thread: None

Heap address: 0x00000000c0000000, size: 1024 MB, Compressed Oops mode: 32-bit

CDS archive(s) not mapped
Compressed class space mapped at: 0x0000000100000000-0x0000000140000000, reserved size: 1073741824
Narrow klass base: 0x0000000000000000, Narrow klass shift: 3, Narrow klass range: 0x140000000

GC Precious Log:
 CPUs: 16 total, 16 available
 Memory: 16108M
 Large Page Support: Disabled
 NUMA Support: Disabled
 Compressed Oops: Enabled (32-bit)
 Alignments: Space 512K, Generation 512K, Heap 2M
 Heap Min Capacity: 100M
 Heap Initial Capacity: 100M
 Heap Max Capacity: 1G
 Pre-touch: Disabled
 Parallel Workers: 13

Heap:
 PSYoungGen      total 26624K, used 21397K [0x00000000eab00000, 0x00000000ec880000, 0x0000000100000000)
  eden space 23552K, 79% used [0x00000000eab00000,0x00000000ebd33c38,0x00000000ec200000)
  from space 3072K, 89% used [0x00000000ec400000,0x00000000ec6b1b68,0x00000000ec700000)
  to   space 1536K, 0% used [0x00000000ec700000,0x00000000ec700000,0x00000000ec880000)
 ParOldGen       total 68608K, used 13084K [0x00000000c0000000, 0x00000000c4300000, 0x00000000eab00000)
  object space 68608K, 19% used [0x00000000c0000000,0x00000000c0cc7140,0x00000000c4300000)
 Metaspace       used 34616K, committed 35264K, reserved 1114112K
  class space    used 3351K, committed 3648K, reserved 1048576K

Card table byte_map: [0x000002641ab90000,0x000002641ada0000] _byte_map_base: 0x000002641a590000

Marking Bits: (ParMarkBitMap*) 0x00007ffde82758b0
 Begin Bits: [0x000002641af00000, 0x000002641bf00000)
 End Bits:   [0x000002641bf00000, 0x000002641cf00000)

Polling page: 0x000002640b980000

Metaspace:

Usage:
  Non-class:     30.53 MB used.
      Class:      3.27 MB used.
       Both:     33.81 MB used.

Virtual space:
  Non-class space:       64.00 MB reserved,      30.88 MB ( 48%) committed,  1 nodes.
      Class space:        1.00 GB reserved,       3.56 MB ( <1%) committed,  1 nodes.
             Both:        1.06 GB reserved,      34.44 MB (  3%) committed. 

Chunk freelists:
   Non-Class:  400.00 KB
       Class:  12.44 MB
        Both:  12.83 MB

MaxMetaspaceSize: unlimited
CompressedClassSpaceSize: 1.00 GB
Initial GC threshold: 21.00 MB
Current GC threshold: 35.00 MB
CDS: off
MetaspaceReclaimPolicy: balanced
 - commit_granule_bytes: 65536.
 - commit_granule_words: 8192.
 - virtual_space_node_default_size: 8388608.
 - enlarge_chunks_in_place: 1.
 - new_chunks_are_fully_committed: 0.
 - uncommit_free_chunks: 1.
 - use_allocation_guard: 0.
 - handle_deallocations: 1.


Internal statistics:

num_allocs_failed_limit: 3.
num_arena_births: 362.
num_arena_deaths: 14.
num_vsnodes_births: 2.
num_vsnodes_deaths: 0.
num_space_committed: 551.
num_space_uncommitted: 0.
num_chunks_returned_to_freelist: 17.
num_chunks_taken_from_freelist: 1388.
num_chunk_merges: 9.
num_chunk_splits: 923.
num_chunks_enlarged: 658.
num_inconsistent_stats: 0.

CodeHeap 'non-profiled nmethods': size=119168Kb used=1623Kb max_used=1623Kb free=117544Kb
 bounds [0x0000026413540000, 0x00000264137b0000, 0x000002641a9a0000]
CodeHeap 'profiled nmethods': size=119104Kb used=8472Kb max_used=8472Kb free=110631Kb
 bounds [0x000002640b9a0000, 0x000002640c1f0000, 0x0000026412df0000]
CodeHeap 'non-nmethods': size=7488Kb used=2953Kb max_used=2983Kb free=4534Kb
 bounds [0x0000026412df0000, 0x00000264130e0000, 0x0000026413540000]
 total_blobs=4528 nmethods=3942 adapters=496
 compilation: enabled
              stopped_count=0, restarted_count=0
 full_count=0

Compilation events (20 events):
Event: 4.557 Thread 0x00000264075a1640 3931       3       java.lang.reflect.Modifier::isAbstract (14 bytes)
Event: 4.557 Thread 0x00000264075a1640 nmethod 3931 0x000002640c1dee90 code [0x000002640c1df020, 0x000002640c1df178]
Event: 4.561 Thread 0x00000264075a1c10 3932       3       java.util.LinkedHashMap$LinkedKeyIterator::next (8 bytes)
Event: 4.561 Thread 0x00000264075a1c10 nmethod 3932 0x000002640c1df210 code [0x000002640c1df3c0, 0x000002640c1df528]
Event: 4.563 Thread 0x00000264075a1640 3933       3       org.eclipse.core.internal.registry.ConfigurationElementHandle::<init> (7 bytes)
Event: 4.563 Thread 0x00000264075a1640 nmethod 3933 0x000002640c1df610 code [0x000002640c1df7c0, 0x000002640c1df998]
Event: 4.567 Thread 0x00000264075a1c10 3934       3       java.util.Calendar::internalSet (8 bytes)
Event: 4.567 Thread 0x00000264075a1c10 nmethod 3934 0x000002640c1dfa90 code [0x000002640c1dfc20, 0x000002640c1dfd58]
Event: 4.570 Thread 0x00000264250606e0 3935       4       java.util.HashMap::putVal (300 bytes)
Event: 4.571 Thread 0x00000264075a1640 3936       3       java.lang.Character::toUpperCase (6 bytes)
Event: 4.571 Thread 0x000002642244d1b0 3937       3       java.lang.Character::toUpperCase (9 bytes)
Event: 4.571 Thread 0x00000264075a1c10 3938       3       java.util.TreeMap::fixAfterInsertion (267 bytes)
Event: 4.571 Thread 0x00000264075a1640 nmethod 3936 0x000002640c1dfe10 code [0x000002640c1dffc0, 0x000002640c1e0218]
Event: 4.572 Thread 0x000002642244d1b0 nmethod 3937 0x000002640c1e0310 code [0x000002640c1e04c0, 0x000002640c1e06b8]
Event: 4.572 Thread 0x00000264075a1640 3939       3       java.lang.ProcessEnvironment$NameComparator::compare (13 bytes)
Event: 4.572 Thread 0x000002642244d1b0 3940       3       java.lang.ProcessEnvironment$NameComparator::compare (90 bytes)
Event: 4.572 Thread 0x00000264075a1640 nmethod 3939 0x000002640c1e0790 code [0x000002640c1e0940, 0x000002640c1e0c48]
Event: 4.573 Thread 0x000002642244d1b0 nmethod 3940 0x000002640c1e0d10 code [0x000002640c1e1020, 0x000002640c1e2238]
Event: 4.574 Thread 0x00000264075a1c10 nmethod 3938 0x000002640c1e2b10 code [0x000002640c1e2fc0, 0x000002640c1e5698]
Event: 4.577 Thread 0x0000026425a7d020 3941   !   4       org.eclipse.osgi.internal.serviceregistry.ServiceRegistry::lookupServiceRegistrations (215 bytes)

GC Heap History (20 events):
Event: 0.986 GC heap before
{Heap before GC invocations=1 (full 0):
 PSYoungGen      total 29696K, used 25600K [0x00000000eab00000, 0x00000000ecc00000, 0x0000000100000000)
  eden space 25600K, 100% used [0x00000000eab00000,0x00000000ec400000,0x00000000ec400000)
  from space 4096K, 0% used [0x00000000ec800000,0x00000000ec800000,0x00000000ecc00000)
  to   space 4096K, 0% used [0x00000000ec400000,0x00000000ec400000,0x00000000ec800000)
 ParOldGen       total 68608K, used 0K [0x00000000c0000000, 0x00000000c4300000, 0x00000000eab00000)
  object space 68608K, 0% used [0x00000000c0000000,0x00000000c0000000,0x00000000c4300000)
 Metaspace       used 10591K, committed 10752K, reserved 1114112K
  class space    used 1051K, committed 1152K, reserved 1048576K
}
Event: 0.994 GC heap after
{Heap after GC invocations=1 (full 0):
 PSYoungGen      total 29696K, used 3069K [0x00000000eab00000, 0x00000000ecc00000, 0x0000000100000000)
  eden space 25600K, 0% used [0x00000000eab00000,0x00000000eab00000,0x00000000ec400000)
  from space 4096K, 74% used [0x00000000ec400000,0x00000000ec6ff748,0x00000000ec800000)
  to   space 4096K, 0% used [0x00000000ec800000,0x00000000ec800000,0x00000000ecc00000)
 ParOldGen       total 68608K, used 16K [0x00000000c0000000, 0x00000000c4300000, 0x00000000eab00000)
  object space 68608K, 0% used [0x00000000c0000000,0x00000000c0004000,0x00000000c4300000)
 Metaspace       used 10591K, committed 10752K, reserved 1114112K
  class space    used 1051K, committed 1152K, reserved 1048576K
}
Event: 1.681 GC heap before
{Heap before GC invocations=2 (full 0):
 PSYoungGen      total 29696K, used 28669K [0x00000000eab00000, 0x00000000ecc00000, 0x0000000100000000)
  eden space 25600K, 100% used [0x00000000eab00000,0x00000000ec400000,0x00000000ec400000)
  from space 4096K, 74% used [0x00000000ec400000,0x00000000ec6ff748,0x00000000ec800000)
  to   space 4096K, 0% used [0x00000000ec800000,0x00000000ec800000,0x00000000ecc00000)
 ParOldGen       total 68608K, used 16K [0x00000000c0000000, 0x00000000c4300000, 0x00000000eab00000)
  object space 68608K, 0% used [0x00000000c0000000,0x00000000c0004000,0x00000000c4300000)
 Metaspace       used 14064K, committed 14272K, reserved 1114112K
  class space    used 1393K, committed 1472K, reserved 1048576K
}
Event: 1.703 GC heap after
{Heap after GC invocations=2 (full 0):
 PSYoungGen      total 29696K, used 4067K [0x00000000eab00000, 0x00000000ecc00000, 0x0000000100000000)
  eden space 25600K, 0% used [0x00000000eab00000,0x00000000eab00000,0x00000000ec400000)
  from space 4096K, 99% used [0x00000000ec800000,0x00000000ecbf8f90,0x00000000ecc00000)
  to   space 4096K, 0% used [0x00000000ec400000,0x00000000ec400000,0x00000000ec800000)
 ParOldGen       total 68608K, used 1403K [0x00000000c0000000, 0x00000000c4300000, 0x00000000eab00000)
  object space 68608K, 2% used [0x00000000c0000000,0x00000000c015ed38,0x00000000c4300000)
 Metaspace       used 14064K, committed 14272K, reserved 1114112K
  class space    used 1393K, committed 1472K, reserved 1048576K
}
Event: 2.239 GC heap before
{Heap before GC invocations=3 (full 0):
 PSYoungGen      total 29696K, used 29667K [0x00000000eab00000, 0x00000000ecc00000, 0x0000000100000000)
  eden space 25600K, 100% used [0x00000000eab00000,0x00000000ec400000,0x00000000ec400000)
  from space 4096K, 99% used [0x00000000ec800000,0x00000000ecbf8f90,0x00000000ecc00000)
  to   space 4096K, 0% used [0x00000000ec400000,0x00000000ec400000,0x00000000ec800000)
 ParOldGen       total 68608K, used 1403K [0x00000000c0000000, 0x00000000c4300000, 0x00000000eab00000)
  object space 68608K, 2% used [0x00000000c0000000,0x00000000c015ed38,0x00000000c4300000)
 Metaspace       used 15826K, committed 16000K, reserved 1114112K
  class space    used 1573K, committed 1664K, reserved 1048576K
}
Event: 2.252 GC heap after
{Heap after GC invocations=3 (full 0):
 PSYoungGen      total 29696K, used 4083K [0x00000000eab00000, 0x00000000ecc00000, 0x0000000100000000)
  eden space 25600K, 0% used [0x00000000eab00000,0x00000000eab00000,0x00000000ec400000)
  from space 4096K, 99% used [0x00000000ec400000,0x00000000ec7fcce8,0x00000000ec800000)
  to   space 4096K, 0% used [0x00000000ec800000,0x00000000ec800000,0x00000000ecc00000)
 ParOldGen       total 68608K, used 5192K [0x00000000c0000000, 0x00000000c4300000, 0x00000000eab00000)
  object space 68608K, 7% used [0x00000000c0000000,0x00000000c0512380,0x00000000c4300000)
 Metaspace       used 15826K, committed 16000K, reserved 1114112K
  class space    used 1573K, committed 1664K, reserved 1048576K
}
Event: 2.809 GC heap before
{Heap before GC invocations=4 (full 0):
 PSYoungGen      total 29696K, used 29683K [0x00000000eab00000, 0x00000000ecc00000, 0x0000000100000000)
  eden space 25600K, 100% used [0x00000000eab00000,0x00000000ec400000,0x00000000ec400000)
  from space 4096K, 99% used [0x00000000ec400000,0x00000000ec7fcce8,0x00000000ec800000)
  to   space 4096K, 0% used [0x00000000ec800000,0x00000000ec800000,0x00000000ecc00000)
 ParOldGen       total 68608K, used 5192K [0x00000000c0000000, 0x00000000c4300000, 0x00000000eab00000)
  object space 68608K, 7% used [0x00000000c0000000,0x00000000c0512380,0x00000000c4300000)
 Metaspace       used 20127K, committed 20544K, reserved 1114112K
  class space    used 2016K, committed 2176K, reserved 1048576K
}
Event: 2.815 GC heap after
{Heap after GC invocations=4 (full 0):
 PSYoungGen      total 29696K, used 4075K [0x00000000eab00000, 0x00000000ecc00000, 0x0000000100000000)
  eden space 25600K, 0% used [0x00000000eab00000,0x00000000eab00000,0x00000000ec400000)
  from space 4096K, 99% used [0x00000000ec800000,0x00000000ecbfaee8,0x00000000ecc00000)
  to   space 4096K, 0% used [0x00000000ec400000,0x00000000ec400000,0x00000000ec800000)
 ParOldGen       total 68608K, used 6234K [0x00000000c0000000, 0x00000000c4300000, 0x00000000eab00000)
  object space 68608K, 9% used [0x00000000c0000000,0x00000000c0616a70,0x00000000c4300000)
 Metaspace       used 20127K, committed 20544K, reserved 1114112K
  class space    used 2016K, committed 2176K, reserved 1048576K
}
Event: 2.932 GC heap before
{Heap before GC invocations=5 (full 0):
 PSYoungGen      total 29696K, used 10814K [0x00000000eab00000, 0x00000000ecc00000, 0x0000000100000000)
  eden space 25600K, 26% used [0x00000000eab00000,0x00000000eb1949e0,0x00000000ec400000)
  from space 4096K, 99% used [0x00000000ec800000,0x00000000ecbfaee8,0x00000000ecc00000)
  to   space 4096K, 0% used [0x00000000ec400000,0x00000000ec400000,0x00000000ec800000)
 ParOldGen       total 68608K, used 6234K [0x00000000c0000000, 0x00000000c4300000, 0x00000000eab00000)
  object space 68608K, 9% used [0x00000000c0000000,0x00000000c0616a70,0x00000000c4300000)
 Metaspace       used 21129K, committed 21504K, reserved 1114112K
  class space    used 2120K, committed 2304K, reserved 1048576K
}
Event: 2.936 GC heap after
{Heap after GC invocations=5 (full 0):
 PSYoungGen      total 29696K, used 4089K [0x00000000eab00000, 0x00000000ece00000, 0x0000000100000000)
  eden space 25600K, 0% used [0x00000000eab00000,0x00000000eab00000,0x00000000ec400000)
  from space 4096K, 99% used [0x00000000ec400000,0x00000000ec7fe578,0x00000000ec800000)
  to   space 5120K, 0% used [0x00000000ec900000,0x00000000ec900000,0x00000000ece00000)
 ParOldGen       total 68608K, used 6730K [0x00000000c0000000, 0x00000000c4300000, 0x00000000eab00000)
  object space 68608K, 9% used [0x00000000c0000000,0x00000000c0692990,0x00000000c4300000)
 Metaspace       used 21129K, committed 21504K, reserved 1114112K
  class space    used 2120K, committed 2304K, reserved 1048576K
}
Event: 2.936 GC heap before
{Heap before GC invocations=6 (full 1):
 PSYoungGen      total 29696K, used 4089K [0x00000000eab00000, 0x00000000ece00000, 0x0000000100000000)
  eden space 25600K, 0% used [0x00000000eab00000,0x00000000eab00000,0x00000000ec400000)
  from space 4096K, 99% used [0x00000000ec400000,0x00000000ec7fe578,0x00000000ec800000)
  to   space 5120K, 0% used [0x00000000ec900000,0x00000000ec900000,0x00000000ece00000)
 ParOldGen       total 68608K, used 6730K [0x00000000c0000000, 0x00000000c4300000, 0x00000000eab00000)
  object space 68608K, 9% used [0x00000000c0000000,0x00000000c0692990,0x00000000c4300000)
 Metaspace       used 21129K, committed 21504K, reserved 1114112K
  class space    used 2120K, committed 2304K, reserved 1048576K
}
Event: 2.966 GC heap after
{Heap after GC invocations=6 (full 1):
 PSYoungGen      total 29696K, used 0K [0x00000000eab00000, 0x00000000ece00000, 0x0000000100000000)
  eden space 25600K, 0% used [0x00000000eab00000,0x00000000eab00000,0x00000000ec400000)
  from space 4096K, 0% used [0x00000000ec400000,0x00000000ec400000,0x00000000ec800000)
  to   space 5120K, 0% used [0x00000000ec900000,0x00000000ec900000,0x00000000ece00000)
 ParOldGen       total 68608K, used 10497K [0x00000000c0000000, 0x00000000c4300000, 0x00000000eab00000)
  object space 68608K, 15% used [0x00000000c0000000,0x00000000c0a40458,0x00000000c4300000)
 Metaspace       used 21115K, committed 21504K, reserved 1114112K
  class space    used 2117K, committed 2304K, reserved 1048576K
}
Event: 3.512 GC heap before
{Heap before GC invocations=7 (full 1):
 PSYoungGen      total 29696K, used 25600K [0x00000000eab00000, 0x00000000ece00000, 0x0000000100000000)
  eden space 25600K, 100% used [0x00000000eab00000,0x00000000ec400000,0x00000000ec400000)
  from space 4096K, 0% used [0x00000000ec400000,0x00000000ec400000,0x00000000ec800000)
  to   space 5120K, 0% used [0x00000000ec900000,0x00000000ec900000,0x00000000ece00000)
 ParOldGen       total 68608K, used 10497K [0x00000000c0000000, 0x00000000c4300000, 0x00000000eab00000)
  object space 68608K, 15% used [0x00000000c0000000,0x00000000c0a40458,0x00000000c4300000)
 Metaspace       used 24852K, committed 25408K, reserved 1114112K
  class space    used 2519K, committed 2752K, reserved 1048576K
}
Event: 3.515 GC heap after
{Heap after GC invocations=7 (full 1):
 PSYoungGen      total 26624K, used 1236K [0x00000000eab00000, 0x00000000eca80000, 0x0000000100000000)
  eden space 25088K, 0% used [0x00000000eab00000,0x00000000eab00000,0x00000000ec380000)
  from space 1536K, 80% used [0x00000000ec900000,0x00000000eca35158,0x00000000eca80000)
  to   space 2560K, 0% used [0x00000000ec580000,0x00000000ec580000,0x00000000ec800000)
 ParOldGen       total 68608K, used 10505K [0x00000000c0000000, 0x00000000c4300000, 0x00000000eab00000)
  object space 68608K, 15% used [0x00000000c0000000,0x00000000c0a42458,0x00000000c4300000)
 Metaspace       used 24852K, committed 25408K, reserved 1114112K
  class space    used 2519K, committed 2752K, reserved 1048576K
}
Event: 3.830 GC heap before
{Heap before GC invocations=8 (full 1):
 PSYoungGen      total 26624K, used 26324K [0x00000000eab00000, 0x00000000eca80000, 0x0000000100000000)
  eden space 25088K, 100% used [0x00000000eab00000,0x00000000ec380000,0x00000000ec380000)
  from space 1536K, 80% used [0x00000000ec900000,0x00000000eca35158,0x00000000eca80000)
  to   space 2560K, 0% used [0x00000000ec580000,0x00000000ec580000,0x00000000ec800000)
 ParOldGen       total 68608K, used 10505K [0x00000000c0000000, 0x00000000c4300000, 0x00000000eab00000)
  object space 68608K, 15% used [0x00000000c0000000,0x00000000c0a42458,0x00000000c4300000)
 Metaspace       used 27704K, committed 28352K, reserved 1114112K
  class space    used 2833K, committed 3136K, reserved 1048576K
}
Event: 3.831 GC heap after
{Heap after GC invocations=8 (full 1):
 PSYoungGen      total 27136K, used 2533K [0x00000000eab00000, 0x00000000eca00000, 0x0000000100000000)
  eden space 24576K, 0% used [0x00000000eab00000,0x00000000eab00000,0x00000000ec300000)
  from space 2560K, 98% used [0x00000000ec580000,0x00000000ec7f9558,0x00000000ec800000)
  to   space 2048K, 0% used [0x00000000ec800000,0x00000000ec800000,0x00000000eca00000)
 ParOldGen       total 68608K, used 10988K [0x00000000c0000000, 0x00000000c4300000, 0x00000000eab00000)
  object space 68608K, 16% used [0x00000000c0000000,0x00000000c0abb018,0x00000000c4300000)
 Metaspace       used 27704K, committed 28352K, reserved 1114112K
  class space    used 2833K, committed 3136K, reserved 1048576K
}
Event: 4.063 GC heap before
{Heap before GC invocations=9 (full 1):
 PSYoungGen      total 27136K, used 27109K [0x00000000eab00000, 0x00000000eca00000, 0x0000000100000000)
  eden space 24576K, 100% used [0x00000000eab00000,0x00000000ec300000,0x00000000ec300000)
  from space 2560K, 98% used [0x00000000ec580000,0x00000000ec7f9558,0x00000000ec800000)
  to   space 2048K, 0% used [0x00000000ec800000,0x00000000ec800000,0x00000000eca00000)
 ParOldGen       total 68608K, used 10988K [0x00000000c0000000, 0x00000000c4300000, 0x00000000eab00000)
  object space 68608K, 16% used [0x00000000c0000000,0x00000000c0abb018,0x00000000c4300000)
 Metaspace       used 30397K, committed 31040K, reserved 1114112K
  class space    used 3005K, committed 3328K, reserved 1048576K
}
Event: 4.065 GC heap after
{Heap after GC invocations=9 (full 1):
 PSYoungGen      total 26112K, used 2018K [0x00000000eab00000, 0x00000000eca00000, 0x0000000100000000)
  eden space 24064K, 0% used [0x00000000eab00000,0x00000000eab00000,0x00000000ec280000)
  from space 2048K, 98% used [0x00000000ec800000,0x00000000ec9f8958,0x00000000eca00000)
  to   space 3072K, 0% used [0x00000000ec400000,0x00000000ec400000,0x00000000ec700000)
 ParOldGen       total 68608K, used 11693K [0x00000000c0000000, 0x00000000c4300000, 0x00000000eab00000)
  object space 68608K, 17% used [0x00000000c0000000,0x00000000c0b6b4e8,0x00000000c4300000)
 Metaspace       used 30397K, committed 31040K, reserved 1114112K
  class space    used 3005K, committed 3328K, reserved 1048576K
}
Event: 4.292 GC heap before
{Heap before GC invocations=10 (full 1):
 PSYoungGen      total 26112K, used 26082K [0x00000000eab00000, 0x00000000eca00000, 0x0000000100000000)
  eden space 24064K, 100% used [0x00000000eab00000,0x00000000ec280000,0x00000000ec280000)
  from space 2048K, 98% used [0x00000000ec800000,0x00000000ec9f8958,0x00000000eca00000)
  to   space 3072K, 0% used [0x00000000ec400000,0x00000000ec400000,0x00000000ec700000)
 ParOldGen       total 68608K, used 11693K [0x00000000c0000000, 0x00000000c4300000, 0x00000000eab00000)
  object space 68608K, 17% used [0x00000000c0000000,0x00000000c0b6b4e8,0x00000000c4300000)
 Metaspace       used 33018K, committed 33664K, reserved 1114112K
  class space    used 3219K, committed 3520K, reserved 1048576K
}
Event: 4.295 GC heap after
{Heap after GC invocations=10 (full 1):
 PSYoungGen      total 26624K, used 2758K [0x00000000eab00000, 0x00000000ec880000, 0x0000000100000000)
  eden space 23552K, 0% used [0x00000000eab00000,0x00000000eab00000,0x00000000ec200000)
  from space 3072K, 89% used [0x00000000ec400000,0x00000000ec6b1b68,0x00000000ec700000)
  to   space 1536K, 0% used [0x00000000ec700000,0x00000000ec700000,0x00000000ec880000)
 ParOldGen       total 68608K, used 13084K [0x00000000c0000000, 0x00000000c4300000, 0x00000000eab00000)
  object space 68608K, 19% used [0x00000000c0000000,0x00000000c0cc7140,0x00000000c4300000)
 Metaspace       used 33018K, committed 33664K, reserved 1114112K
  class space    used 3219K, committed 3520K, reserved 1048576K
}

Dll operation events (10 events):
Event: 0.016 Loaded shared library c:\Users\Tarun Krishnan\.vscode\extensions\redhat.java-1.34.0-win32-x64\jre\17.0.12-win32-x86_64\bin\java.dll
Event: 0.210 Loaded shared library c:\Users\Tarun Krishnan\.vscode\extensions\redhat.java-1.34.0-win32-x64\jre\17.0.12-win32-x86_64\bin\zip.dll
Event: 0.217 Loaded shared library C:\Users\Tarun Krishnan\.vscode\extensions\redhat.java-1.34.0-win32-x64\jre\17.0.12-win32-x86_64\bin\instrument.dll
Event: 0.237 Loaded shared library C:\Users\Tarun Krishnan\.vscode\extensions\redhat.java-1.34.0-win32-x64\jre\17.0.12-win32-x86_64\bin\net.dll
Event: 0.239 Loaded shared library C:\Users\Tarun Krishnan\.vscode\extensions\redhat.java-1.34.0-win32-x64\jre\17.0.12-win32-x86_64\bin\nio.dll
Event: 0.250 Loaded shared library C:\Users\Tarun Krishnan\.vscode\extensions\redhat.java-1.34.0-win32-x64\jre\17.0.12-win32-x86_64\bin\zip.dll
Event: 0.270 Loaded shared library C:\Users\Tarun Krishnan\.vscode\extensions\redhat.java-1.34.0-win32-x64\jre\17.0.12-win32-x86_64\bin\jimage.dll
Event: 0.372 Loaded shared library c:\Users\Tarun Krishnan\.vscode\extensions\redhat.java-1.34.0-win32-x64\jre\17.0.12-win32-x86_64\bin\verify.dll
Event: 1.665 Loaded shared library C:\Users\Tarun Krishnan\AppData\Roaming\Code\User\globalStorage\redhat.java\1.34.0\config_win\org.eclipse.equinox.launcher\org.eclipse.equinox.launcher.win32.win32.x86_64_1.2.1100.v20240722-2106\eclipse_11904.dll
Event: 3.255 Loaded shared library C:\Users\Tarun Krishnan\AppData\Local\Temp\jna-760893734\jna9089393596130891956.dll

Deoptimization events (20 events):
Event: 4.332 Thread 0x00000264246ddbe0 DEOPT PACKING pc=0x000002640bf288c3 sp=0x0000008ee50f7b10
Event: 4.332 Thread 0x00000264246ddbe0 DEOPT UNPACKING pc=0x0000026412e46e43 sp=0x0000008ee50f7030 mode 0
Event: 4.468 Thread 0x00000264246ddbe0 Uncommon trap: trap_request=0xffffffc6 fr.pc=0x00000264135e17f0 relative=0x0000000000000930
Event: 4.468 Thread 0x00000264246ddbe0 Uncommon trap: reason=bimorphic_or_optimized_type_check action=maybe_recompile pc=0x00000264135e17f0 method=java.util.HashMap.putVal(ILjava/lang/Object;Ljava/lang/Object;ZZ)Ljava/lang/Object; @ 56 c2
Event: 4.468 Thread 0x00000264246ddbe0 DEOPT PACKING pc=0x00000264135e17f0 sp=0x0000008ee50f9550
Event: 4.468 Thread 0x00000264246ddbe0 DEOPT UNPACKING pc=0x0000026412e466a3 sp=0x0000008ee50f94a8 mode 2
Event: 4.487 Thread 0x00000264246ddbe0 Uncommon trap: trap_request=0xffffffc6 fr.pc=0x00000264135e1878 relative=0x00000000000009b8
Event: 4.487 Thread 0x00000264246ddbe0 Uncommon trap: reason=bimorphic_or_optimized_type_check action=maybe_recompile pc=0x00000264135e1878 method=java.util.HashMap.putVal(ILjava/lang/Object;Ljava/lang/Object;ZZ)Ljava/lang/Object; @ 253 c2
Event: 4.487 Thread 0x00000264246ddbe0 DEOPT PACKING pc=0x00000264135e1878 sp=0x0000008ee50f94a0
Event: 4.487 Thread 0x00000264246ddbe0 DEOPT UNPACKING pc=0x0000026412e466a3 sp=0x0000008ee50f9420 mode 2
Event: 4.533 Thread 0x00000264246ddbe0 DEOPT PACKING pc=0x000002640bd5cc6f sp=0x0000008ee50f8710
Event: 4.533 Thread 0x00000264246ddbe0 DEOPT UNPACKING pc=0x0000026412e46e43 sp=0x0000008ee50f7c20 mode 0
Event: 4.570 Thread 0x00000264246ddbe0 Uncommon trap: trap_request=0xffffffc6 fr.pc=0x00000264135e17f0 relative=0x0000000000000930
Event: 4.570 Thread 0x00000264246ddbe0 Uncommon trap: reason=bimorphic_or_optimized_type_check action=maybe_recompile pc=0x00000264135e17f0 method=java.util.HashMap.putVal(ILjava/lang/Object;Ljava/lang/Object;ZZ)Ljava/lang/Object; @ 56 c2
Event: 4.570 Thread 0x00000264246ddbe0 DEOPT PACKING pc=0x00000264135e17f0 sp=0x0000008ee50fd7c0
Event: 4.570 Thread 0x00000264246ddbe0 DEOPT UNPACKING pc=0x0000026412e466a3 sp=0x0000008ee50fd718 mode 2
Event: 4.570 Thread 0x00000264246ddbe0 Uncommon trap: trap_request=0xffffffc6 fr.pc=0x00000264135e17f0 relative=0x0000000000000930
Event: 4.570 Thread 0x00000264246ddbe0 Uncommon trap: reason=bimorphic_or_optimized_type_check action=maybe_recompile pc=0x00000264135e17f0 method=java.util.HashMap.putVal(ILjava/lang/Object;Ljava/lang/Object;ZZ)Ljava/lang/Object; @ 56 c2
Event: 4.570 Thread 0x00000264246ddbe0 DEOPT PACKING pc=0x00000264135e17f0 sp=0x0000008ee50fd7c0
Event: 4.570 Thread 0x00000264246ddbe0 DEOPT UNPACKING pc=0x0000026412e466a3 sp=0x0000008ee50fd718 mode 2

Classes loaded (20 events):
Event: 4.556 Loading class java/net/InetSocketAddress
Event: 4.556 Loading class java/net/InetSocketAddress done
Event: 4.556 Loading class java/nio/channels/AsynchronousByteChannel
Event: 4.556 Loading class java/nio/channels/AsynchronousChannel
Event: 4.556 Loading class java/nio/channels/AsynchronousChannel done
Event: 4.556 Loading class java/nio/channels/AsynchronousByteChannel done
Event: 4.566 Loading class sun/util/locale/provider/DateFormatProviderImpl
Event: 4.566 Loading class sun/util/locale/provider/DateFormatProviderImpl done
Event: 4.569 Loading class java/lang/ProcessEnvironment
Event: 4.569 Loading class java/lang/ProcessEnvironment done
Event: 4.570 Loading class java/lang/ProcessEnvironment$NameComparator
Event: 4.570 Loading class java/lang/ProcessEnvironment$NameComparator done
Event: 4.570 Loading class java/lang/ProcessEnvironment$EntryComparator
Event: 4.570 Loading class java/lang/ProcessEnvironment$EntryComparator done
Event: 4.570 Loading class java/lang/ProcessEnvironment$CheckedEntrySet
Event: 4.570 Loading class java/lang/ProcessEnvironment$CheckedEntrySet done
Event: 4.571 Loading class java/lang/ProcessEnvironment$CheckedEntrySet$1
Event: 4.571 Loading class java/lang/ProcessEnvironment$CheckedEntrySet$1 done
Event: 4.571 Loading class java/lang/ProcessEnvironment$CheckedEntry
Event: 4.571 Loading class java/lang/ProcessEnvironment$CheckedEntry done

Classes unloaded (7 events):
Event: 2.940 Thread 0x0000026422417610 Unloading class 0x000000010024e400 'java/lang/invoke/LambdaForm$MH+0x000000010024e400'
Event: 2.940 Thread 0x0000026422417610 Unloading class 0x000000010024e000 'java/lang/invoke/LambdaForm$MH+0x000000010024e000'
Event: 2.940 Thread 0x0000026422417610 Unloading class 0x000000010024dc00 'java/lang/invoke/LambdaForm$MH+0x000000010024dc00'
Event: 2.940 Thread 0x0000026422417610 Unloading class 0x000000010024d800 'java/lang/invoke/LambdaForm$MH+0x000000010024d800'
Event: 2.940 Thread 0x0000026422417610 Unloading class 0x000000010024d400 'java/lang/invoke/LambdaForm$BMH+0x000000010024d400'
Event: 2.940 Thread 0x0000026422417610 Unloading class 0x000000010024d000 'java/lang/invoke/LambdaForm$DMH+0x000000010024d000'
Event: 2.940 Thread 0x0000026422417610 Unloading class 0x0000000100248400 'java/lang/invoke/LambdaForm$DMH+0x0000000100248400'

Classes redefined (0 events):
No events

Internal exceptions (20 events):
Event: 3.329 Thread 0x00000264246ddbe0 Exception <a 'java/lang/NoSuchMethodError'{0x00000000eb8405d8}: 'int java.lang.invoke.DirectMethodHandle$Holder.invokeStaticInit(java.lang.Object, java.lang.Object, java.lang.Object)'> (0x00000000eb8405d8) 
thrown [s\src\hotspot\share\interpreter\linkResolver.cpp, line 759]
Event: 3.338 Thread 0x00000264246ddbe0 Exception <a 'java/lang/IncompatibleClassChangeError'{0x00000000eb8f7c40}: Found class java.lang.Object, but interface was expected> (0x00000000eb8f7c40) 
thrown [s\src\hotspot\share\interpreter\linkResolver.cpp, line 826]
Event: 3.344 Thread 0x00000264246ddbe0 Exception <a 'java/lang/NoSuchMethodError'{0x00000000eb9111f8}: 'java.lang.Object java.lang.invoke.DirectMethodHandle$Holder.invokeSpecial(java.lang.Object, java.lang.Object, java.lang.Object, int, java.lang.Object, java.lang.Object)'> (0x00000000eb9111f8) 
thrown [s\src\hotspot\share\interpreter\linkResolver.cpp, line 759]
Event: 3.345 Thread 0x00000264246ddbe0 Exception <a 'java/lang/NoSuchMethodError'{0x00000000eb9198f0}: 'java.lang.Object java.lang.invoke.DirectMethodHandle$Holder.newInvokeSpecial(java.lang.Object, java.lang.Object, java.lang.Object, int, java.lang.Object)'> (0x00000000eb9198f0) 
thrown [s\src\hotspot\share\interpreter\linkResolver.cpp, line 759]
Event: 3.345 Thread 0x00000264246ddbe0 Exception <a 'java/lang/NoSuchMethodError'{0x00000000eb91dd48}: 'java.lang.Object java.lang.invoke.DirectMethodHandle$Holder.invokeSpecial(java.lang.Object, java.lang.Object, java.lang.Object, java.lang.Object, int, java.lang.Object)'> (0x00000000eb91dd48) 
thrown [s\src\hotspot\share\interpreter\linkResolver.cpp, line 759]
Event: 3.346 Thread 0x00000264258c8bf0 Exception <a 'java/lang/NoSuchMethodError'{0x00000000eb8423f0}: 'java.lang.Object java.lang.invoke.DirectMethodHandle$Holder.invokeSpecial(java.lang.Object, java.lang.Object, int, java.lang.Object, java.lang.Object)'> (0x00000000eb8423f0) 
thrown [s\src\hotspot\share\interpreter\linkResolver.cpp, line 759]
Event: 3.548 Thread 0x00000264246ddbe0 Exception <a 'java/lang/NoSuchMethodError'{0x00000000eadccc98}: 'java.lang.Object java.lang.invoke.Invokers$Holder.linkToTargetMethod(java.lang.Object, long, java.lang.Object, java.lang.Object)'> (0x00000000eadccc98) 
thrown [s\src\hotspot\share\interpreter\linkResolver.cpp, line 759]
Event: 3.621 Thread 0x00000264246ddbe0 Exception <a 'java/io/FileNotFoundException'{0x00000000eb5a8be8}> (0x00000000eb5a8be8) 
thrown [s\src\hotspot\share\prims\jni.cpp, line 516]
Event: 3.622 Thread 0x00000264246ddbe0 Exception <a 'java/lang/NoSuchMethodError'{0x00000000eb5b1c80}: 'java.lang.Object java.lang.invoke.DirectMethodHandle$Holder.newInvokeSpecial(java.lang.Object, int, java.lang.Object, java.lang.Object)'> (0x00000000eb5b1c80) 
thrown [s\src\hotspot\share\interpreter\linkResolver.cpp, line 759]
Event: 3.738 Thread 0x00000264246ddbe0 Exception <a 'java/lang/NoSuchMethodError'{0x00000000ebdee9b8}: 'void java.lang.invoke.DirectMethodHandle$Holder.invokeSpecial(java.lang.Object, java.lang.Object, java.lang.Object, int)'> (0x00000000ebdee9b8) 
thrown [s\src\hotspot\share\interpreter\linkResolver.cpp, line 759]
Event: 3.832 Thread 0x00000264246ddbe0 Exception <a 'java/lang/NoSuchMethodError'{0x00000000eab03440}: 'double java.lang.invoke.DirectMethodHandle$Holder.invokeStatic(java.lang.Object, java.lang.Object)'> (0x00000000eab03440) 
thrown [s\src\hotspot\share\interpreter\linkResolver.cpp, line 759]
Event: 3.832 Thread 0x00000264246ddbe0 Exception <a 'java/lang/NoSuchMethodError'{0x00000000eab06d58}: 'double java.lang.invoke.DirectMethodHandle$Holder.invokeStaticInit(java.lang.Object, java.lang.Object)'> (0x00000000eab06d58) 
thrown [s\src\hotspot\share\interpreter\linkResolver.cpp, line 759]
Event: 3.980 Thread 0x00000264246ddbe0 Exception <a 'java/io/FileNotFoundException'{0x00000000ebc42a90}> (0x00000000ebc42a90) 
thrown [s\src\hotspot\share\prims\jni.cpp, line 516]
Event: 3.980 Thread 0x00000264246ddbe0 Exception <a 'java/io/FileNotFoundException'{0x00000000ebc438f0}> (0x00000000ebc438f0) 
thrown [s\src\hotspot\share\prims\jni.cpp, line 516]
Event: 3.981 Thread 0x00000264246ddbe0 Exception <a 'java/io/FileNotFoundException'{0x00000000ebc44898}> (0x00000000ebc44898) 
thrown [s\src\hotspot\share\prims\jni.cpp, line 516]
Event: 4.177 Thread 0x00000264246ddbe0 Implicit null exception at 0x00000264136b0148 to 0x00000264136b0208
Event: 4.301 Thread 0x00000264246ddbe0 Exception <a 'java/io/FileNotFoundException'{0x00000000eb088398}> (0x00000000eb088398) 
thrown [s\src\hotspot\share\prims\jni.cpp, line 516]
Event: 4.527 Thread 0x00000264246ddbe0 Exception <a 'java/lang/ClassNotFoundException'{0x00000000eb8879c8}: com/sun/org/apache/xerces/internal/impl/msg/spi/DOMMessagesProvider> (0x00000000eb8879c8) 
thrown [s\src\hotspot\share\classfile\systemDictionary.cpp, line 256]
Event: 4.529 Thread 0x00000264246ddbe0 Exception <a 'java/lang/ClassNotFoundException'{0x00000000eb8990b0}: com/sun/org/apache/xerces/internal/impl/msg/spi/XMLSerializerMessagesProvider> (0x00000000eb8990b0) 
thrown [s\src\hotspot\share\classfile\systemDictionary.cpp, line 256]
Event: 4.531 Thread 0x00000264246ddbe0 Exception <a 'java/lang/ClassNotFoundException'{0x00000000eb8a6388}: com/sun/org/apache/xerces/internal/impl/msg/spi/XMLMessagesProvider> (0x00000000eb8a6388) 
thrown [s\src\hotspot\share\classfile\systemDictionary.cpp, line 256]

VM Operations (20 events):
Event: 3.446 Executing VM operation: HandshakeAllThreads
Event: 3.446 Executing VM operation: HandshakeAllThreads done
Event: 3.510 Executing VM operation: ICBufferFull
Event: 3.510 Executing VM operation: ICBufferFull done
Event: 3.512 Executing VM operation: ParallelGCFailedAllocation
Event: 3.515 Executing VM operation: ParallelGCFailedAllocation done
Event: 3.673 Executing VM operation: HandshakeAllThreads
Event: 3.673 Executing VM operation: HandshakeAllThreads done
Event: 3.755 Executing VM operation: HandshakeAllThreads
Event: 3.756 Executing VM operation: HandshakeAllThreads done
Event: 3.830 Executing VM operation: ParallelGCFailedAllocation
Event: 3.831 Executing VM operation: ParallelGCFailedAllocation done
Event: 4.063 Executing VM operation: ParallelGCFailedAllocation
Event: 4.065 Executing VM operation: ParallelGCFailedAllocation done
Event: 4.291 Executing VM operation: ParallelGCFailedAllocation
Event: 4.296 Executing VM operation: ParallelGCFailedAllocation done
Event: 4.457 Executing VM operation: HandshakeAllThreads
Event: 4.457 Executing VM operation: HandshakeAllThreads done
Event: 4.569 Executing VM operation: HandshakeAllThreads
Event: 4.570 Executing VM operation: HandshakeAllThreads done

Events (20 events):
Event: 1.988 Thread 0x0000026422520840 Thread added: 0x0000026422520840
Event: 2.138 Thread 0x00000264246de0f0 Thread added: 0x00000264246de0f0
Event: 2.315 Thread 0x00000264246de600 Thread added: 0x00000264246de600
Event: 2.423 Thread 0x00000264246deb10 Thread added: 0x00000264246deb10
Event: 2.442 Thread 0x0000026422520840 Thread exited: 0x0000026422520840
Event: 2.541 Thread 0x000002642492d1e0 Thread exited: 0x000002642492d1e0
Event: 2.548 Thread 0x000002642268bf10 Thread exited: 0x000002642268bf10
Event: 2.807 Thread 0x00000264246df020 Thread added: 0x00000264246df020
Event: 3.019 Thread 0x0000026425b179b0 Thread added: 0x0000026425b179b0
Event: 3.265 Thread 0x0000026425b179b0 Thread exited: 0x0000026425b179b0
Event: 3.282 Thread 0x00000264258c6d90 Thread added: 0x00000264258c6d90
Event: 3.323 Thread 0x00000264258c8bf0 Thread added: 0x00000264258c8bf0
Event: 3.348 Thread 0x00000264258c6880 Thread added: 0x00000264258c6880
Event: 3.605 Thread 0x00000264259bed90 Thread added: 0x00000264259bed90
Event: 3.933 Thread 0x0000026425b4bfa0 Thread added: 0x0000026425b4bfa0
Event: 4.077 Thread 0x00000264259bed90 Thread exited: 0x00000264259bed90
Event: 4.078 Thread 0x0000026425b4bfa0 Thread exited: 0x0000026425b4bfa0
Event: 4.207 Thread 0x00000264250606e0 Thread added: 0x00000264250606e0
Event: 4.209 Thread 0x0000026425a7d020 Thread added: 0x0000026425a7d020
Event: 4.544 Thread 0x00000264258c6370 Thread added: 0x00000264258c6370


Dynamic libraries:
0x00007ff6c3a50000 - 0x00007ff6c3a5e000 	c:\Users\Tarun Krishnan\.vscode\extensions\redhat.java-1.34.0-win32-x64\jre\17.0.12-win32-x86_64\bin\java.exe
0x00007ffebe270000 - 0x00007ffebe487000 	C:\WINDOWS\SYSTEM32\ntdll.dll
0x00007ffebcca0000 - 0x00007ffebcd64000 	C:\WINDOWS\System32\KERNEL32.DLL
0x00007ffebb590000 - 0x00007ffebb93d000 	C:\WINDOWS\System32\KERNELBASE.dll
0x00007ffebbbc0000 - 0x00007ffebbcd1000 	C:\WINDOWS\System32\ucrtbase.dll
0x00007ffead2b0000 - 0x00007ffead2cb000 	c:\Users\Tarun Krishnan\.vscode\extensions\redhat.java-1.34.0-win32-x64\jre\17.0.12-win32-x86_64\bin\VCRUNTIME140.dll
0x00007ffe9b9b0000 - 0x00007ffe9b9c7000 	c:\Users\Tarun Krishnan\.vscode\extensions\redhat.java-1.34.0-win32-x64\jre\17.0.12-win32-x86_64\bin\jli.dll
0x00007ffebd250000 - 0x00007ffebd3fe000 	C:\WINDOWS\System32\USER32.dll
0x00007ffebbb90000 - 0x00007ffebbbb6000 	C:\WINDOWS\System32\win32u.dll
0x00007ffea57f0000 - 0x00007ffea5a83000 	C:\WINDOWS\WinSxS\amd64_microsoft.windows.common-controls_6595b64144ccf1df_6.0.22621.3672_none_2713b9d173822955\COMCTL32.dll
0x00007ffebd4d0000 - 0x00007ffebd577000 	C:\WINDOWS\System32\msvcrt.dll
0x00007ffebcd90000 - 0x00007ffebcdb9000 	C:\WINDOWS\System32\GDI32.dll
0x00007ffebbd10000 - 0x00007ffebbe29000 	C:\WINDOWS\System32\gdi32full.dll
0x00007ffebbaf0000 - 0x00007ffebbb8a000 	C:\WINDOWS\System32\msvcp_win.dll
0x00007ffebc580000 - 0x00007ffebc5b1000 	C:\WINDOWS\System32\IMM32.DLL
0x00007ffeb1ce0000 - 0x00007ffeb1cec000 	c:\Users\Tarun Krishnan\.vscode\extensions\redhat.java-1.34.0-win32-x64\jre\17.0.12-win32-x86_64\bin\vcruntime140_1.dll
0x00007ffe0edd0000 - 0x00007ffe0ee5d000 	c:\Users\Tarun Krishnan\.vscode\extensions\redhat.java-1.34.0-win32-x64\jre\17.0.12-win32-x86_64\bin\msvcp140.dll
0x00007ffde76d0000 - 0x00007ffde833a000 	c:\Users\Tarun Krishnan\.vscode\extensions\redhat.java-1.34.0-win32-x64\jre\17.0.12-win32-x86_64\bin\server\jvm.dll
0x00007ffebd180000 - 0x00007ffebd232000 	C:\WINDOWS\System32\ADVAPI32.dll
0x00007ffebd400000 - 0x00007ffebd4a9000 	C:\WINDOWS\System32\sechost.dll
0x00007ffebbce0000 - 0x00007ffebbd08000 	C:\WINDOWS\System32\bcrypt.dll
0x00007ffebc640000 - 0x00007ffebc754000 	C:\WINDOWS\System32\RPCRT4.dll
0x00007ffebd760000 - 0x00007ffebd7d1000 	C:\WINDOWS\System32\WS2_32.dll
0x00007ffeba410000 - 0x00007ffeba45d000 	C:\WINDOWS\SYSTEM32\POWRPROF.dll
0x00007ffeb83c0000 - 0x00007ffeb83f4000 	C:\WINDOWS\SYSTEM32\WINMM.dll
0x00007ffea4fb0000 - 0x00007ffea4fba000 	C:\WINDOWS\SYSTEM32\VERSION.dll
0x00007ffeba3f0000 - 0x00007ffeba403000 	C:\WINDOWS\SYSTEM32\UMPDC.dll
0x00007ffeba6a0000 - 0x00007ffeba6b8000 	C:\WINDOWS\SYSTEM32\kernel.appcore.dll
0x00007ffead240000 - 0x00007ffead24a000 	c:\Users\Tarun Krishnan\.vscode\extensions\redhat.java-1.34.0-win32-x64\jre\17.0.12-win32-x86_64\bin\jimage.dll
0x00007ffeb8bf0000 - 0x00007ffeb8e22000 	C:\WINDOWS\SYSTEM32\DBGHELP.DLL
0x00007ffebc910000 - 0x00007ffebcc9e000 	C:\WINDOWS\System32\combase.dll
0x00007ffebe150000 - 0x00007ffebe227000 	C:\WINDOWS\System32\OLEAUT32.dll
0x00007ffeb1660000 - 0x00007ffeb1692000 	C:\WINDOWS\SYSTEM32\dbgcore.DLL
0x00007ffebb940000 - 0x00007ffebb9bb000 	C:\WINDOWS\System32\bcryptPrimitives.dll
0x00007ffea3b50000 - 0x00007ffea3b5e000 	c:\Users\Tarun Krishnan\.vscode\extensions\redhat.java-1.34.0-win32-x64\jre\17.0.12-win32-x86_64\bin\instrument.dll
0x00007ffe3b220000 - 0x00007ffe3b245000 	c:\Users\Tarun Krishnan\.vscode\extensions\redhat.java-1.34.0-win32-x64\jre\17.0.12-win32-x86_64\bin\java.dll
0x00007ffe9af50000 - 0x00007ffe9af68000 	c:\Users\Tarun Krishnan\.vscode\extensions\redhat.java-1.34.0-win32-x64\jre\17.0.12-win32-x86_64\bin\zip.dll
0x00007ffebd8e0000 - 0x00007ffebe147000 	C:\WINDOWS\System32\SHELL32.dll
0x00007ffeb94d0000 - 0x00007ffeb9dcf000 	C:\WINDOWS\SYSTEM32\windows.storage.dll
0x00007ffeb8e30000 - 0x00007ffeb8f6f000 	C:\WINDOWS\SYSTEM32\wintypes.dll
0x00007ffebc760000 - 0x00007ffebc859000 	C:\WINDOWS\System32\SHCORE.dll
0x00007ffebc520000 - 0x00007ffebc57e000 	C:\WINDOWS\System32\shlwapi.dll
0x00007ffebb4c0000 - 0x00007ffebb4e7000 	C:\WINDOWS\SYSTEM32\profapi.dll
0x00007ffe96820000 - 0x00007ffe96839000 	C:\Users\Tarun Krishnan\.vscode\extensions\redhat.java-1.34.0-win32-x64\jre\17.0.12-win32-x86_64\bin\net.dll
0x00007ffeb3110000 - 0x00007ffeb3246000 	C:\WINDOWS\SYSTEM32\WINHTTP.dll
0x00007ffebab20000 - 0x00007ffebab89000 	C:\WINDOWS\system32\mswsock.dll
0x00007ffe673e0000 - 0x00007ffe673f6000 	C:\Users\Tarun Krishnan\.vscode\extensions\redhat.java-1.34.0-win32-x64\jre\17.0.12-win32-x86_64\bin\nio.dll
0x00007ffea3750000 - 0x00007ffea3760000 	c:\Users\Tarun Krishnan\.vscode\extensions\redhat.java-1.34.0-win32-x64\jre\17.0.12-win32-x86_64\bin\verify.dll
0x00007ffe0eb30000 - 0x00007ffe0eb75000 	C:\Users\Tarun Krishnan\AppData\Roaming\Code\User\globalStorage\redhat.java\1.34.0\config_win\org.eclipse.equinox.launcher\org.eclipse.equinox.launcher.win32.win32.x86_64_1.2.1100.v20240722-2106\eclipse_11904.dll
0x00007ffebcdc0000 - 0x00007ffebcf65000 	C:\WINDOWS\System32\ole32.dll
0x00007ffebada0000 - 0x00007ffebadbb000 	C:\WINDOWS\SYSTEM32\CRYPTSP.dll
0x00007ffeba600000 - 0x00007ffeba635000 	C:\WINDOWS\system32\rsaenh.dll
0x00007ffebac30000 - 0x00007ffebac58000 	C:\WINDOWS\SYSTEM32\USERENV.dll
0x00007ffebad90000 - 0x00007ffebad9c000 	C:\WINDOWS\SYSTEM32\CRYPTBASE.dll
0x00007ffeba0a0000 - 0x00007ffeba0cd000 	C:\WINDOWS\SYSTEM32\IPHLPAPI.DLL
0x00007ffebd240000 - 0x00007ffebd249000 	C:\WINDOWS\System32\NSI.dll
0x00007ffeb2dc0000 - 0x00007ffeb2dd9000 	C:\WINDOWS\SYSTEM32\dhcpcsvc6.DLL
0x00007ffeb2da0000 - 0x00007ffeb2dbf000 	C:\WINDOWS\SYSTEM32\dhcpcsvc.DLL
0x00007ffeba0d0000 - 0x00007ffeba1c8000 	C:\WINDOWS\SYSTEM32\DNSAPI.dll
0x00007ffe0c300000 - 0x00007ffe0c345000 	C:\Users\Tarun Krishnan\AppData\Local\Temp\jna-760893734\jna9089393596130891956.dll
0x00007ffebcd70000 - 0x00007ffebcd78000 	C:\WINDOWS\System32\PSAPI.DLL

dbghelp: loaded successfully - version: 4.0.5 - missing functions: none
symbol engine: initialized successfully - sym options: 0x614 - pdb path: .;c:\Users\Tarun Krishnan\.vscode\extensions\redhat.java-1.34.0-win32-x64\jre\17.0.12-win32-x86_64\bin;C:\WINDOWS\SYSTEM32;C:\WINDOWS\WinSxS\amd64_microsoft.windows.common-controls_6595b64144ccf1df_6.0.22621.3672_none_2713b9d173822955;c:\Users\Tarun Krishnan\.vscode\extensions\redhat.java-1.34.0-win32-x64\jre\17.0.12-win32-x86_64\bin\server;C:\Users\Tarun Krishnan\AppData\Roaming\Code\User\globalStorage\redhat.java\1.34.0\config_win\org.eclipse.equinox.launcher\org.eclipse.equinox.launcher.win32.win32.x86_64_1.2.1100.v20240722-2106;C:\Users\Tarun Krishnan\AppData\Local\Temp\jna-760893734

VM Arguments:
jvm_args: --add-modules=ALL-SYSTEM --add-opens=java.base/java.util=ALL-UNNAMED --add-opens=java.base/java.lang=ALL-UNNAMED --add-opens=java.base/sun.nio.fs=ALL-UNNAMED -Declipse.application=org.eclipse.jdt.ls.core.id1 -Dosgi.bundles.defaultStartLevel=4 -Declipse.product=org.eclipse.jdt.ls.core.product -Djava.import.generatesMetadataFilesAtProjectRoot=false -DDetectVMInstallationsJob.disabled=true -Dfile.encoding=utf8 -XX:+UseParallelGC -XX:GCTimeRatio=4 -XX:AdaptiveSizePolicyWeight=90 -Dsun.zip.disableMemoryMapping=true -Xmx1G -Xms100m -Xlog:disable -javaagent:c:\Users\Tarun Krishnan\.vscode\extensions\redhat.java-1.34.0-win32-x64\lombok\lombok-1.18.33.jar -XX:+HeapDumpOnOutOfMemoryError -XX:HeapDumpPath=c:\Users\Tarun Krishnan\AppData\Roaming\Code\User\workspaceStorage\788d43c83ac2f8b77b2e1e1030872ab0\redhat.java -Daether.dependencyCollector.impl=bf 
java_command: c:\Users\Tarun Krishnan\.vscode\extensions\redhat.java-1.34.0-win32-x64\server\plugins\org.eclipse.equinox.launcher_1.6.900.v20240613-2009.jar -configuration c:\Users\Tarun Krishnan\AppData\Roaming\Code\User\globalStorage\redhat.java\1.34.0\config_win -data c:\Users\Tarun Krishnan\AppData\Roaming\Code\User\workspaceStorage\788d43c83ac2f8b77b2e1e1030872ab0\redhat.java\jdt_ws --pipe=\\.\pipe\lsp-df0e358ef20c27b84b20ba59d79e6c09-sock
java_class_path (initial): c:\Users\Tarun Krishnan\.vscode\extensions\redhat.java-1.34.0-win32-x64\server\plugins\org.eclipse.equinox.launcher_1.6.900.v20240613-2009.jar
Launcher Type: SUN_STANDARD

[Global flags]
    uintx AdaptiveSizePolicyWeight                 = 90                                        {product} {command line}
     intx CICompilerCount                          = 12                                        {product} {ergonomic}
    uintx GCTimeRatio                              = 4                                         {product} {command line}
     bool HeapDumpOnOutOfMemoryError               = true                                   {manageable} {command line}
    ccstr HeapDumpPath                             = c:\Users\Tarun Krishnan\AppData\Roaming\Code\User\workspaceStorage\788d43c83ac2f8b77b2e1e1030872ab0\redhat.java         {manageable} {command line}
   size_t InitialHeapSize                          = 104857600                                 {product} {command line}
   size_t MaxHeapSize                              = 1073741824                                {product} {command line}
   size_t MaxNewSize                               = 357564416                                 {product} {ergonomic}
   size_t MinHeapDeltaBytes                        = 524288                                    {product} {ergonomic}
   size_t MinHeapSize                              = 104857600                                 {product} {command line}
   size_t NewSize                                  = 34603008                                  {product} {ergonomic}
    uintx NonNMethodCodeHeapSize                   = 7602480                                {pd product} {ergonomic}
    uintx NonProfiledCodeHeapSize                  = 122027880                              {pd product} {ergonomic}
   size_t OldSize                                  = 70254592                                  {product} {ergonomic}
    uintx ProfiledCodeHeapSize                     = 122027880                              {pd product} {ergonomic}
    uintx ReservedCodeCacheSize                    = 251658240                              {pd product} {ergonomic}
     bool SegmentedCodeCache                       = true                                      {product} {ergonomic}
   size_t SoftMaxHeapSize                          = 1073741824                             {manageable} {ergonomic}
     bool UseCompressedClassPointers               = true                           {product lp64_product} {ergonomic}
     bool UseCompressedOops                        = true                           {product lp64_product} {ergonomic}
     bool UseLargePagesIndividualAllocation        = false                                  {pd product} {ergonomic}
     bool UseParallelGC                            = true                                      {product} {command line}

Logging:
Log output configuration:
 #0: stdout all=off uptime,level,tags
 #1: stderr all=off uptime,level,tags

Environment Variables:
PATH=C:\Program Files (x86)\VMware\VMware Workstation\bin\;C:\Program Files\Common Files\Oracle\Java\javapath;C:\Program Files (x86)\Common Files\Oracle\Java\java8path;C:\Program Files (x86)\Common Files\Oracle\Java\javapath;C:\Program Files (x86)\Common Files\Intel\Shared Libraries\redist\intel64\compiler;C:\Windows\System32\HWAudioDriverLibs;C:\Windows\system32;C:\Windows;C:\Windows\System32\Wbem;C:\Windows\System32\WindowsPowerShell\v1.0\;C:\Windows\System32\OpenSSH\;C:\Users\Administrator\AppData\Local\Microsoft\WindowsApps;C:\WINDOWS\system32;C:\WINDOWS;C:\WINDOWS\System32\Wbem;C:\WINDOWS\System32\WindowsPowerShell\v1.0\;C:\WINDOWS\System32\OpenSSH\;C:\Program Files\Microsoft SQL Server\Client SDK\ODBC\170\Tools\Binn\;C:\Program Files (x86)\Microsoft SQL Server\150\Tools\Binn\;C:\Program Files\Microsoft SQL Server\150\Tools\Binn\;C:\Program Files\Microsoft SQL Server\150\DTS\Binn\;C:\Program Files (x86)\Microsoft SQL Server\160\DTS\Binn\;C:\Program Files\Azure Data Studio\bin;C:\Program Files\dotnet\;C:\Program Files\Git\cmd;C:\Users\Tarun Krishnan\AppData\Local\Programs\Python\Python311\Scripts\;C:\Users\Tarun Krishnan\AppData\Local\Programs\Python\Python311\;C:\Users\Tarun Krishnan\AppData\Local\Microsoft\WindowsApps;;C:\Program Files\Azure Data Studio\bin;C:\Program Files\JetBrains\PyCharm Community Edition 2023.2\bin;;C:\Users\Tarun Krishnan\AppData\Local\Programs\Microsoft VS Code\bin;C:\Users\Tarun Krishnan\.dotnet\tools
USERNAME=Tarun Krishnan
OS=Windows_NT
PROCESSOR_IDENTIFIER=Intel64 Family 6 Model 154 Stepping 3, GenuineIntel
TMP=C:\Users\TARUNK~1\AppData\Local\Temp
TEMP=C:\Users\TARUNK~1\AppData\Local\Temp



Periodic native trim disabled


---------------  S Y S T E M  ---------------

OS:
 Windows 11 , 64 bit Build 22621 (10.0.22621.3958)
OS uptime: 0 days 17:39 hours
Hyper-V role detected

CPU: total 16 (initial active 16) (8 cores per cpu, 2 threads per core) family 6 model 154 stepping 3 microcode 0x41e, cx8, cmov, fxsr, ht, mmx, 3dnowpref, sse, sse2, sse3, ssse3, sse4.1, sse4.2, popcnt, lzcnt, tsc, tscinvbit, avx, avx2, aes, erms, clmul, bmi1, bmi2, adx, sha, fma, vzeroupper, clflush, clflushopt, clwb, hv
Processor Information for processor 0
  Max Mhz: 2100, Current Mhz: 2100, Mhz Limit: 2100
Processor Information for processor 1
  Max Mhz: 2100, Current Mhz: 2100, Mhz Limit: 2100
Processor Information for processor 2
  Max Mhz: 2100, Current Mhz: 2100, Mhz Limit: 2100
Processor Information for processor 3
  Max Mhz: 2100, Current Mhz: 2100, Mhz Limit: 2100
Processor Information for processor 4
  Max Mhz: 2100, Current Mhz: 2100, Mhz Limit: 2100
Processor Information for processor 5
  Max Mhz: 2100, Current Mhz: 2100, Mhz Limit: 2100
Processor Information for processor 6
  Max Mhz: 2100, Current Mhz: 2100, Mhz Limit: 2100
Processor Information for processor 7
  Max Mhz: 2100, Current Mhz: 2100, Mhz Limit: 2100
Processor Information for processor 8
  Max Mhz: 2100, Current Mhz: 1500, Mhz Limit: 1491
Processor Information for processor 9
  Max Mhz: 2100, Current Mhz: 1500, Mhz Limit: 1491
Processor Information for processor 10
  Max Mhz: 2100, Current Mhz: 1500, Mhz Limit: 1491
Processor Information for processor 11
  Max Mhz: 2100, Current Mhz: 1500, Mhz Limit: 1491
Processor Information for processor 12
  Max Mhz: 2100, Current Mhz: 1500, Mhz Limit: 1491
Processor Information for processor 13
  Max Mhz: 2100, Current Mhz: 1500, Mhz Limit: 1491
Processor Information for processor 14
  Max Mhz: 2100, Current Mhz: 1500, Mhz Limit: 1491
Processor Information for processor 15
  Max Mhz: 2100, Current Mhz: 1500, Mhz Limit: 1491

Memory: 4k page, system-wide physical 16108M (4109M free)
TotalPageFile size 16108M (AvailPageFile size 8M)
current process WorkingSet (physical memory assigned to process): 168M, peak: 172M
current process commit charge ("private bytes"): 285M, peak: 287M

vm_info: OpenJDK 64-Bit Server VM (17.0.12+7) for windows-amd64 JRE (17.0.12+7), built on Jul 16 2024 22:08:24 by "admin" with MS VC++ 16.10 / 16.11 (VS2019)

END.
